1607824568.308734 client started (123819): version 3.0a, socket /tmp//tmux-1000/default, protocol 8
1607824568.308756 on Linux 5.4.0-56-generic #62-Ubuntu SMP Mon Nov 23 19:20:19 UTC 2020; libevent 2.1.11-stable (poll)
1607824568.308770 socket is /tmp//tmux-1000/default
1607824568.308779 trying connect
1607824568.308867 add peer 0x56196e265550: 6 ((nil))
1607824568.308925 sending message 100 to peer 0x56196e265550 (4 bytes)
1607824568.308931 sending message 101 to peer 0x56196e265550 (16 bytes)
1607824568.308935 sending message 102 to peer 0x56196e265550 (11 bytes)
1607824568.308939 sending message 108 to peer 0x56196e265550 (21 bytes)
1607824568.308944 sending message 104 to peer 0x56196e265550 (0 bytes)
1607824568.308948 sending message 107 to peer 0x56196e265550 (4 bytes)
1607824568.308952 sending message 105 to peer 0x56196e265550 (34 bytes)
1607824568.308956 sending message 105 to peer 0x56196e265550 (65 bytes)
1607824568.308961 sending message 105 to peer 0x56196e265550 (19 bytes)
1607824568.308965 sending message 105 to peer 0x56196e265550 (76 bytes)
1607824568.308969 sending message 105 to peer 0x56196e265550 (20 bytes)
1607824568.308981 sending message 105 to peer 0x56196e265550 (54 bytes)
1607824568.308987 sending message 105 to peer 0x56196e265550 (23 bytes)
1607824568.308992 sending message 105 to peer 0x56196e265550 (11 bytes)
1607824568.308996 sending message 105 to peer 0x56196e265550 (35 bytes)
1607824568.309000 sending message 105 to peer 0x56196e265550 (33 bytes)
1607824568.309004 sending message 105 to peer 0x56196e265550 (18 bytes)
1607824568.309009 sending message 105 to peer 0x56196e265550 (24 bytes)
1607824568.309013 sending message 105 to peer 0x56196e265550 (11 bytes)
1607824568.309017 sending message 105 to peer 0x56196e265550 (30 bytes)
1607824568.309021 sending message 105 to peer 0x56196e265550 (24 bytes)
1607824568.309025 sending message 105 to peer 0x56196e265550 (33 bytes)
1607824568.309029 sending message 105 to peer 0x56196e265550 (44 bytes)
1607824568.309033 sending message 105 to peer 0x56196e265550 (32 bytes)
1607824568.309037 sending message 105 to peer 0x56196e265550 (86 bytes)
1607824568.309041 sending message 105 to peer 0x56196e265550 (30 bytes)
1607824568.309045 sending message 105 to peer 0x56196e265550 (52 bytes)
1607824568.309049 sending message 105 to peer 0x56196e265550 (28 bytes)
1607824568.309054 sending message 105 to peer 0x56196e265550 (17 bytes)
1607824568.309058 sending message 105 to peer 0x56196e265550 (35 bytes)
1607824568.309062 sending message 105 to peer 0x56196e265550 (34 bytes)
1607824568.309066 sending message 105 to peer 0x56196e265550 (18 bytes)
1607824568.309070 sending message 105 to peer 0x56196e265550 (47 bytes)
1607824568.309074 sending message 105 to peer 0x56196e265550 (36 bytes)
1607824568.309078 sending message 105 to peer 0x56196e265550 (23 bytes)
1607824568.309082 sending message 105 to peer 0x56196e265550 (39 bytes)
1607824568.309086 sending message 105 to peer 0x56196e265550 (17 bytes)
1607824568.309090 sending message 105 to peer 0x56196e265550 (23 bytes)
1607824568.309094 sending message 105 to peer 0x56196e265550 (30 bytes)
1607824568.309098 sending message 105 to peer 0x56196e265550 (27 bytes)
1607824568.309102 sending message 105 to peer 0x56196e265550 (24 bytes)
1607824568.309107 sending message 105 to peer 0x56196e265550 (20 bytes)
1607824568.309111 sending message 105 to peer 0x56196e265550 (23 bytes)
1607824568.309115 sending message 105 to peer 0x56196e265550 (21 bytes)
1607824568.309119 sending message 105 to peer 0x56196e265550 (25 bytes)
1607824568.309123 sending message 105 to peer 0x56196e265550 (20 bytes)
1607824568.309127 sending message 105 to peer 0x56196e265550 (8 bytes)
1607824568.309131 sending message 105 to peer 0x56196e265550 (15 bytes)
1607824568.309135 sending message 105 to peer 0x56196e265550 (14 bytes)
1607824568.309139 sending message 105 to peer 0x56196e265550 (32 bytes)
1607824568.309143 sending message 105 to peer 0x56196e265550 (1506 bytes)
1607824568.309149 sending message 105 to peer 0x56196e265550 (42 bytes)
1607824568.309159 sending message 105 to peer 0x56196e265550 (15 bytes)
1607824568.309163 sending message 105 to peer 0x56196e265550 (25 bytes)
1607824568.309167 sending message 105 to peer 0x56196e265550 (35 bytes)
1607824568.309172 sending message 105 to peer 0x56196e265550 (28 bytes)
1607824568.309176 sending message 105 to peer 0x56196e265550 (11 bytes)
1607824568.309180 sending message 105 to peer 0x56196e265550 (551 bytes)
1607824568.309184 sending message 105 to peer 0x56196e265550 (25 bytes)
1607824568.309188 sending message 105 to peer 0x56196e265550 (19 bytes)
1607824568.309192 sending message 105 to peer 0x56196e265550 (18 bytes)
1607824568.309197 sending message 105 to peer 0x56196e265550 (94 bytes)
1607824568.309201 sending message 105 to peer 0x56196e265550 (19 bytes)
1607824568.309205 sending message 105 to peer 0x56196e265550 (8 bytes)
1607824568.309209 sending message 105 to peer 0x56196e265550 (19 bytes)
1607824568.309213 sending message 105 to peer 0x56196e265550 (41 bytes)
1607824568.309217 sending message 105 to peer 0x56196e265550 (21 bytes)
1607824568.309221 sending message 105 to peer 0x56196e265550 (37 bytes)
1607824568.309225 sending message 105 to peer 0x56196e265550 (14 bytes)
1607824568.309229 sending message 105 to peer 0x56196e265550 (11 bytes)
1607824568.309233 sending message 105 to peer 0x56196e265550 (15 bytes)
1607824568.309237 sending message 105 to peer 0x56196e265550 (17 bytes)
1607824568.309241 sending message 105 to peer 0x56196e265550 (13 bytes)
1607824568.309245 sending message 105 to peer 0x56196e265550 (41 bytes)
1607824568.309249 sending message 105 to peer 0x56196e265550 (45 bytes)
1607824568.309253 sending message 105 to peer 0x56196e265550 (33 bytes)
1607824568.309257 sending message 105 to peer 0x56196e265550 (85 bytes)
1607824568.309261 sending message 105 to peer 0x56196e265550 (23 bytes)
1607824568.309265 sending message 105 to peer 0x56196e265550 (31 bytes)
1607824568.309269 sending message 105 to peer 0x56196e265550 (23 bytes)
1607824568.309273 sending message 105 to peer 0x56196e265550 (27 bytes)
1607824568.309277 sending message 105 to peer 0x56196e265550 (21 bytes)
1607824568.309282 sending message 105 to peer 0x56196e265550 (20 bytes)
1607824568.309286 sending message 105 to peer 0x56196e265550 (27 bytes)
1607824568.309290 sending message 105 to peer 0x56196e265550 (16 bytes)
1607824568.309294 sending message 105 to peer 0x56196e265550 (22 bytes)
1607824568.309298 sending message 105 to peer 0x56196e265550 (34 bytes)
1607824568.309302 sending message 105 to peer 0x56196e265550 (53 bytes)
1607824568.309306 sending message 105 to peer 0x56196e265550 (89 bytes)
1607824568.309310 sending message 105 to peer 0x56196e265550 (31 bytes)
1607824568.309314 sending message 105 to peer 0x56196e265550 (10 bytes)
1607824568.309318 sending message 105 to peer 0x56196e265550 (19 bytes)
1607824568.309322 sending message 105 to peer 0x56196e265550 (33 bytes)
1607824568.309326 sending message 105 to peer 0x56196e265550 (19 bytes)
1607824568.309330 sending message 105 to peer 0x56196e265550 (15 bytes)
1607824568.309335 sending message 105 to peer 0x56196e265550 (22 bytes)
1607824568.309339 sending message 105 to peer 0x56196e265550 (40 bytes)
1607824568.309343 sending message 105 to peer 0x56196e265550 (19 bytes)
1607824568.309347 sending message 105 to peer 0x56196e265550 (34 bytes)
1607824568.309351 sending message 105 to peer 0x56196e265550 (35 bytes)
1607824568.309355 sending message 105 to peer 0x56196e265550 (35 bytes)
1607824568.309359 sending message 105 to peer 0x56196e265550 (33 bytes)
1607824568.309363 sending message 105 to peer 0x56196e265550 (43 bytes)
1607824568.309368 sending message 105 to peer 0x56196e265550 (32 bytes)
1607824568.309372 sending message 105 to peer 0x56196e265550 (42 bytes)
1607824568.309376 sending message 106 to peer 0x56196e265550 (0 bytes)
1607824568.309380 sending message 200 to peer 0x56196e265550 (4 bytes)
1607824568.309384 client loop enter
1607824568.309713 peer 0x56196e265550 message 211
1607824568.309720 client_write: sessions should be nested with care, unset $TMUX to force\n
1607824568.309734 peer 0x56196e265550 message 203
1607824568.309738 client loop exit
